[debug] [2025-12-03T11:46:30.131Z] ----------------------------------------------------------------------
[debug] [2025-12-03T11:46:30.134Z] Command:       /Users/lucas/.nvm/versions/node/v22.21.1/bin/node /Users/lucas/.nvm/versions/node/v22.21.1/bin/firebase init
[debug] [2025-12-03T11:46:30.135Z] CLI Version:   14.26.0
[debug] [2025-12-03T11:46:30.135Z] Platform:      darwin
[debug] [2025-12-03T11:46:30.135Z] Node Version:  v22.21.1
[debug] [2025-12-03T11:46:30.135Z] Time:          Wed Dec 03 2025 12:46:30 GMT+0100 (Central European Standard Time)
[debug] [2025-12-03T11:46:30.135Z] ----------------------------------------------------------------------
[debug] 
[info] 
     ######## #### ########  ######## ########     ###     ######  ########
     ##        ##  ##     ## ##       ##     ##  ##   ##  ##       ##
     ######    ##  ########  ######   ########  #########  ######  ######
     ##        ##  ##    ##  ##       ##     ## ##     ##       ## ##
     ##       #### ##     ## ######## ########  ##     ##  ######  ########

You're about to initialize a Firebase project in this directory:

  /Users/lucas/Projects/perso/account-v2

[info] 
=== Project Setup
[info] 
[info] First, let's associate this project directory with a Firebase project.
[info] You can create multiple project aliases by running firebase use --add, 
[info] 
[debug] [2025-12-03T11:46:37.605Z] > command requires scopes: ["email","openid","https://www.googleapis.com/auth/cloudplatformprojects.readonly","https://www.googleapis.com/auth/firebase","https://www.googleapis.com/auth/cloud-platform"]
[debug] [2025-12-03T11:46:37.606Z] > authorizing via signed-in user (guerrier.lucas@gmail.com)
[debug] [2025-12-03T11:46:37.607Z] Checked if tokens are valid: false, expires at: 1731686666104
[debug] [2025-12-03T11:46:37.607Z] Checked if tokens are valid: false, expires at: 1731686666104
[debug] [2025-12-03T11:46:37.607Z] > refreshing access token with scopes: []
[debug] [2025-12-03T11:46:37.609Z] >>> [apiv2][query] POST https://www.googleapis.com/oauth2/v3/token [none]
[debug] [2025-12-03T11:46:37.609Z] >>> [apiv2][body] POST https://www.googleapis.com/oauth2/v3/token [omitted]
[debug] [2025-12-03T11:46:37.718Z] <<< [apiv2][status] POST https://www.googleapis.com/oauth2/v3/token 400
[debug] [2025-12-03T11:46:37.718Z] <<< [apiv2][body] POST https://www.googleapis.com/oauth2/v3/token [omitted]
[debug] [2025-12-03T11:46:37.718Z] >>> [apiv2][query] GET https://firebase.googleapis.com/v1beta1/projects pageSize=100
[debug] [2025-12-03T11:46:37.781Z] <<< [apiv2][status] GET https://firebase.googleapis.com/v1beta1/projects 401
[debug] [2025-12-03T11:46:37.781Z] <<< [apiv2][body] GET https://firebase.googleapis.com/v1beta1/projects [omitted]
[debug] [2025-12-03T11:46:37.781Z] Got a 401 Unauthenticated error for a call that required authentication. Refreshing tokens.
[debug] [2025-12-03T11:46:37.782Z] Checked if tokens are valid: false, expires at: 1731686666104
[debug] [2025-12-03T11:46:37.782Z] Checked if tokens are valid: false, expires at: 1731686666104
[debug] [2025-12-03T11:46:37.782Z] > refreshing access token with scopes: []
[debug] [2025-12-03T11:46:37.782Z] >>> [apiv2][query] POST https://www.googleapis.com/oauth2/v3/token [none]
[debug] [2025-12-03T11:46:37.782Z] >>> [apiv2][body] POST https://www.googleapis.com/oauth2/v3/token [omitted]
[debug] [2025-12-03T11:46:37.804Z] <<< [apiv2][status] POST https://www.googleapis.com/oauth2/v3/token 400
[debug] [2025-12-03T11:46:37.804Z] <<< [apiv2][body] POST https://www.googleapis.com/oauth2/v3/token [omitted]
[debug] [2025-12-03T11:46:37.805Z] Request to https://firebase.googleapis.com/v1beta1/projects?pageSize=100 had HTTP Error: 401, Request had invalid authentication credentials. Expected OAuth 2 access token, login cookie or other valid authentication credential. See https://developers.google.com/identity/sign-in/web/devconsole-project.
[debug] [2025-12-03T11:46:37.806Z] FirebaseError: Request to https://firebase.googleapis.com/v1beta1/projects?pageSize=100 had HTTP Error: 401, Request had invalid authentication credentials. Expected OAuth 2 access token, login cookie or other valid authentication credential. See https://developers.google.com/identity/sign-in/web/devconsole-project.
    at responseToError (/Users/lucas/.nvm/versions/node/v22.21.1/lib/node_modules/firebase-tools/lib/responseToError.js:53:12)
    at RetryOperation._fn (/Users/lucas/.nvm/versions/node/v22.21.1/lib/node_modules/firebase-tools/lib/apiv2.js:322:77)
    at process.processTicksAndRejections (node:internal/process/task_queues:105:5)
[error] 
[error] Error: Failed to list Firebase projects. See firebase-debug.log for more info.
